19:14:39.361 Config: {
	"UseFrontend": false,
	"UseMatchmaker": false,
	"UseHTTPS": false,
	"UseAuthentication": false,
	"LogToFile": true,
	"HomepageFile": "/www/player.html",
	"AdditionalRoutes": {},
	"EnableWebserver": true,
	"MatchmakerAddress": "",
	"MatchmakerPort": "9999",
	"PublicIp": "localhost",
	"HttpPort": 80,
	"HttpsPort": 443,
	"StreamerPort": 8880,
	"peerConnectionOptions": "{ \"iceServers\": [{\"urls\": [\"stun:stun1.l.google.com:19302\",\"turn:flexinterativa-pixel1.ngrok.io:19303\"], \"username\": \"PixelStreamingUser\", \"credential\": \"Another TURN in the road\"}] }",
	"publicIp": ""
}
19:14:39.989 peerConnectionOptions = {"iceServers":[{"urls":["stun:stun1.l.google.com:19302","turn:flexinterativa-pixel1.ngrok.io:19303"],"username":"PixelStreamingUser","credential":"Another TURN in the road"}]}
19:14:39.993 Running Cirrus - The Pixel Streaming reference implementation signalling server for Unreal Engine 4.27.
19:14:40.133 WebSocket listening to Streamer connections on :8880
19:14:40.135 WebSocket listening to Players connections on :80
19:14:40.136 Http listening on *: 80
