13:38:46.799 Config: {
	"UseFrontend": false,
	"UseMatchmaker": false,
	"UseHTTPS": false,
	"UseAuthentication": false,
	"LogToFile": true,
	"HomepageFile": "/www/player.html",
	"AdditionalRoutes": {},
	"EnableWebserver": true,
	"MatchmakerAddress": "",
	"MatchmakerPort": "9999",
	"PublicIp": "localhost",
	"HttpPort": 80,
	"HttpsPort": 443,
	"StreamerPort": 8880,
	"peerConnectionOptions": "{ \"iceServers\": [{\"urls\": [\"stun:stun1.l.google.com:19302\",\"turn:flexinterativa.ngrok.io:19303\"], \"username\": \"PixelStreamingUser\", \"credential\": \"Another TURN in the road\"}] }",
	"publicIp": ""
}
13:38:46.826 peerConnectionOptions = {"iceServers":[{"urls":["stun:stun1.l.google.com:19302","turn:flexinterativa.ngrok.io:19303"],"username":"PixelStreamingUser","credential":"Another TURN in the road"}]}
13:38:46.829 Running Cirrus - The Pixel Streaming reference implementation signalling server for Unreal Engine 4.27.
13:38:46.830 WebSocket listening to Streamer connections on :8880
13:38:46.830 WebSocket listening to Players connections on :80
13:38:46.832 Http listening on *: 80
