09:28:01.951 Config: {
	"UseFrontend": false,
	"UseMatchmaker": false,
	"UseHTTPS": false,
	"UseAuthentication": false,
	"LogToFile": true,
	"HomepageFile": "/www/player.html",
	"AdditionalRoutes": {},
	"EnableWebserver": true,
	"MatchmakerAddress": "",
	"MatchmakerPort": "9999",
	"PublicIp": "localhost",
	"HttpPort": 80,
	"HttpsPort": 443,
	"StreamerPort": 8888,
	"peerConnectionOptions": "{ \"iceServers\": [{\"urls\": [\"stun:stun1.l.google.com:19302\",\"turn:https://bb2d-2804-14c-bf2f-8d61-cdc6-7901-80d3-d7fb.sa.ngrok.io:19303\"], \"username\": \"PixelStreamingUser\", \"credential\": \"Another TURN in the road\"}] }",
	"publicIp": ""
}
09:28:01.976 peerConnectionOptions = {"iceServers":[{"urls":["stun:stun1.l.google.com:19302","turn:https://bb2d-2804-14c-bf2f-8d61-cdc6-7901-80d3-d7fb.sa.ngrok.io:19303"],"username":"PixelStreamingUser","credential":"Another TURN in the road"}]}
09:28:01.980 Running Cirrus - The Pixel Streaming reference implementation signalling server for Unreal Engine 4.27.
09:28:01.991 WebSocket listening to Streamer connections on :8888
09:28:01.991 WebSocket listening to Players connections on :80
09:28:01.992 Http listening on *: 80
