09:05:27.515 Config: {
	"UseFrontend": false,
	"UseMatchmaker": false,
	"UseHTTPS": false,
	"UseAuthentication": false,
	"LogToFile": true,
	"HomepageFile": "/www/player.html",
	"AdditionalRoutes": {},
	"EnableWebserver": true,
	"MatchmakerAddress": "",
	"MatchmakerPort": "9999",
	"PublicIp": "localhost",
	"HttpPort": 80,
	"HttpsPort": 443,
	"StreamerPort": 8888,
	"peerConnectionOptions": "{ \"iceServers\": [{\"urls\": [\"stun:stun1.l.google.com:19302\",\"turn:flexinterativa-pixel1.ngrok.io:19303\"], \"username\": \"PixelStreamingUser\", \"credential\": \"Another TURN in the road\"}] }",
	"publicIp": ""
}
09:05:27.541 peerConnectionOptions = {"iceServers":[{"urls":["stun:stun1.l.google.com:19302","turn:flexinterativa-pixel1.ngrok.io:19303"],"username":"PixelStreamingUser","credential":"Another TURN in the road"}]}
09:05:27.545 Running Cirrus - The Pixel Streaming reference implementation signalling server for Unreal Engine 4.27.
09:05:27.546 WebSocket listening to Streamer connections on :8888
09:05:27.547 WebSocket listening to Players connections on :80
09:05:27.548 Http listening on *: 80
