09:26:22.826 Config: {
	"UseFrontend": false,
	"UseMatchmaker": false,
	"UseHTTPS": false,
	"UseAuthentication": false,
	"LogToFile": true,
	"HomepageFile": "/www/player.html",
	"AdditionalRoutes": {},
	"EnableWebserver": true,
	"MatchmakerAddress": "",
	"MatchmakerPort": "9999",
	"PublicIp": "localhost",
	"HttpPort": 80,
	"HttpsPort": 443,
	"StreamerPort": 8888,
	"peerConnectionOptions": "{ \"iceServers\": [{\"urls\": [\"stun:stun1.l.google.com:19302\",\"turn:127.0.0.1:19303\"], \"username\": \"PixelStreamingUser\", \"credential\": \"Another TURN in the road\"}] }",
	"publicIp": ""
}
09:26:23.212 peerConnectionOptions = {"iceServers":[{"urls":["stun:stun1.l.google.com:19302","turn:127.0.0.1:19303"],"username":"PixelStreamingUser","credential":"Another TURN in the road"}]}
09:26:23.217 Running Cirrus - The Pixel Streaming reference implementation signalling server for Unreal Engine 4.27.
09:26:23.318 WebSocket listening to Streamer connections on :8888
09:26:23.319 WebSocket listening to Players connections on :80
09:26:23.321 Http listening on *: 80
