10:56:26.502 Config: {
	"UseFrontend": false,
	"UseMatchmaker": false,
	"UseHTTPS": false,
	"UseAuthentication": false,
	"LogToFile": true,
	"HomepageFile": "/www/player.html",
	"AdditionalRoutes": {},
	"EnableWebserver": true,
	"MatchmakerAddress": "",
	"MatchmakerPort": "9999",
	"PublicIp": "localhost",
	"HttpPort": 80,
	"HttpsPort": 443,
	"StreamerPort": 8888,
	"peerConnectionOptions": "{ \"iceServers\": [{\"urls\": [\"stun:stun1.l.google.com:19302\",\"turn:0e89-2804-14c-bf2f-8d61-cdc6-7901-80d3-d7fb.sa.ngrok.io:19303\"], \"username\": \"PixelStreamingUser\", \"credential\": \"Another TURN in the road\"}] }",
	"publicIp": ""
}
10:56:26.774 peerConnectionOptions = {"iceServers":[{"urls":["stun:stun1.l.google.com:19302","turn:0e89-2804-14c-bf2f-8d61-cdc6-7901-80d3-d7fb.sa.ngrok.io:19303"],"username":"PixelStreamingUser","credential":"Another TURN in the road"}]}
10:56:26.778 Running Cirrus - The Pixel Streaming reference implementation signalling server for Unreal Engine 4.27.
10:56:26.861 WebSocket listening to Streamer connections on :8888
10:56:26.862 WebSocket listening to Players connections on :80
10:56:26.864 Http listening on *: 80
10:56:27.062 Streamer connected: ::1
