20:42:55.420 Config: {
	"UseFrontend": false,
	"UseMatchmaker": false,
	"UseHTTPS": false,
	"UseAuthentication": false,
	"LogToFile": true,
	"HomepageFile": "/www/player.html",
	"AdditionalRoutes": {},
	"EnableWebserver": true,
	"MatchmakerAddress": "",
	"MatchmakerPort": "9999",
	"PublicIp": "localhost",
	"HttpPort": 80,
	"HttpsPort": 443,
	"StreamerPort": 8888,
	"peerConnectionOptions": "{ \"iceServers\": [{\"urls\": [\"stun:stun1.l.google.com:19302\",\"turn:flexinterativa.ngrok.io:19303\"], \"username\": \"PixelStreamingUser\", \"credential\": \"Another TURN in the road\"}] }",
	"publicIp": ""
}
20:42:55.876 peerConnectionOptions = {"iceServers":[{"urls":["stun:stun1.l.google.com:19302","turn:flexinterativa.ngrok.io:19303"],"username":"PixelStreamingUser","credential":"Another TURN in the road"}]}
20:42:55.883 Running Cirrus - The Pixel Streaming reference implementation signalling server for Unreal Engine 4.27.
20:42:55.950 WebSocket listening to Streamer connections on :8888
20:42:55.951 WebSocket listening to Players connections on :80
20:42:55.953 Http listening on *: 80
