23:55:47.998 Config: {
	"UseFrontend": false,
	"UseMatchmaker": false,
	"UseHTTPS": false,
	"UseAuthentication": false,
	"LogToFile": true,
	"HomepageFile": "/www/player.html",
	"AdditionalRoutes": {},
	"EnableWebserver": true,
	"MatchmakerAddress": "",
	"MatchmakerPort": "9999",
	"PublicIp": "localhost",
	"HttpPort": 80,
	"HttpsPort": 443,
	"StreamerPort": 8888,
	"peerConnectionOptions": "{ \"iceServers\": [{\"urls\": [\"stun:stun1.l.google.com:19302\",\"turn:flexinterativa.ngrok.io:19303\"], \"username\": \"PixelStreamingUser\", \"credential\": \"Another TURN in the road\"}] }",
	"publicIp": ""
}
23:55:48.029 peerConnectionOptions = {"iceServers":[{"urls":["stun:stun1.l.google.com:19302","turn:flexinterativa.ngrok.io:19303"],"username":"PixelStreamingUser","credential":"Another TURN in the road"}]}
23:55:48.032 Running Cirrus - The Pixel Streaming reference implementation signalling server for Unreal Engine 4.27.
23:55:48.033 WebSocket listening to Streamer connections on :8888
23:55:48.034 WebSocket listening to Players connections on :80
23:55:48.035 Http listening on *: 80
