19:54:12.722 Config: {
	"UseFrontend": false,
	"UseMatchmaker": false,
	"UseHTTPS": false,
	"UseAuthentication": false,
	"LogToFile": true,
	"HomepageFile": "/www/player.html",
	"AdditionalRoutes": {},
	"EnableWebserver": true,
	"MatchmakerAddress": "177.71.139.51",
	"MatchmakerPort": "9999",
	"PublicIp": "187.22.129.241",
	"HttpPort": 80,
	"HttpsPort": 443,
	"StreamerPort": 8888,
	"peerConnectionOptions": "{ \"iceServers\": [{\"urls\": [\"stun:stun1.l.google.com:19302\",\"turn:187.22.129.241:19303\"], \"username\": \"PixelStreamingUser\", \"credential\": \"Another TURN in the road\"}] }"
}
19:54:12.751 peerConnectionOptions = {"iceServers":[{"urls":["stun:stun1.l.google.com:19302","turn:187.22.129.241:19303"],"username":"PixelStreamingUser","credential":"Another TURN in the road"}]}
19:54:12.754 Running Cirrus - The Pixel Streaming reference implementation signalling server for Unreal Engine 4.27.
19:54:12.765 WebSocket listening to Streamer connections on :8888
19:54:12.765 WebSocket listening to Players connections on :80
19:54:12.767 Http listening on *: 80
19:54:13.207 Streamer connected: ::1
