23:52:37.815 Config: {
	"UseFrontend": false,
	"UseMatchmaker": false,
	"UseHTTPS": false,
	"UseAuthentication": false,
	"LogToFile": true,
	"HomepageFile": "/www/player.html",
	"AdditionalRoutes": {},
	"EnableWebserver": true,
	"MatchmakerAddress": "",
	"MatchmakerPort": "9999",
	"PublicIp": "localhost",
	"HttpPort": 82,
	"HttpsPort": 443,
	"StreamerPort": 8889,
	"peerConnectionOptions": "{ \"iceServers\": [{\"urls\": [\"stun:stun1.l.google.com:19302\",\"turn:flexinterativa.ngrok.io:19303\"], \"username\": \"PixelStreamingUser\", \"credential\": \"Another TURN in the road\"}] }",
	"publicIp": ""
}
23:52:37.839 peerConnectionOptions = {"iceServers":[{"urls":["stun:stun1.l.google.com:19302","turn:flexinterativa.ngrok.io:19303"],"username":"PixelStreamingUser","credential":"Another TURN in the road"}]}
23:52:37.841 Running Cirrus - The Pixel Streaming reference implementation signalling server for Unreal Engine 4.27.
23:52:37.843 WebSocket listening to Streamer connections on :8889
23:52:37.843 WebSocket listening to Players connections on :82
23:52:37.844 Http listening on *: 82
