21:38:08.036 Config: {
	"UseFrontend": false,
	"UseMatchmaker": false,
	"UseHTTPS": false,
	"UseAuthentication": false,
	"LogToFile": true,
	"HomepageFile": "/www/player.html",
	"AdditionalRoutes": {},
	"EnableWebserver": true,
	"MatchmakerAddress": "",
	"MatchmakerPort": "9999",
	"PublicIp": "localhost",
	"HttpPort": 80,
	"HttpsPort": 443,
	"StreamerPort": 8888,
	"peerConnectionOptions": "{ \"iceServers\": [{\"urls\": [\"stun:stun1.l.google.com:19302\",\"turn:flexinterativa-pixel1.ngrok.io:19303\"], \"username\": \"PixelStreamingUser\", \"credential\": \"Another TURN in the road\"}] }",
	"publicIp": ""
}
21:38:08.063 peerConnectionOptions = {"iceServers":[{"urls":["stun:stun1.l.google.com:19302","turn:flexinterativa-pixel1.ngrok.io:19303"],"username":"PixelStreamingUser","credential":"Another TURN in the road"}]}
21:38:08.066 Running Cirrus - The Pixel Streaming reference implementation signalling server for Unreal Engine 4.27.
21:38:08.067 WebSocket listening to Streamer connections on :8888
21:38:08.067 WebSocket listening to Players connections on :80
21:38:08.069 Http listening on *: 80
